============================================================
  Generated by:           Genus(TM) Synthesis Solution 20.11-s111_1
  Generated on:           Nov 01 2025  02:48:37 pm
  Module:                 dedee
  Operating conditions:   slow (balanced_tree)
  Wireload mode:          enclosed
  Area mode:              timing library
============================================================

                            
  Gate   Instances   Area   Library 
------------------------------------
DFFQXL           7  111.264    slow 
NAND2XL          3    9.083    slow 
OAI21XL          3   13.624    slow 
XNOR2X1          2   16.652    slow 
------------------------------------
total           15  150.623         


                                        
     Type      Instances   Area  Area % 
----------------------------------------
sequential             7 111.264   73.9 
logic                  8  39.359   26.1 
physical_cells         0   0.000    0.0 
----------------------------------------
total                 15 150.623  100.0 

