###############################################################
#  Generated by:      Cadence Innovus 20.14-s095_1
#  OS:                Linux x86_64(Host ID cad19)
#  Generated on:      Sat Nov  1 15:09:00 2025
#  Design:            dedee
#  Command:           verifyConnectivity -type all -error 1000 -warning 50
###############################################################
Verify Connectivity Report is created on Sat Nov  1 15:09:00 2025



Net VDD: dangling Wire at (4.960, 17.110) (4.960, 17.110) on layer: Metal8
Net VDD: dangling Wire at (18.560, 4.960) (18.560, 4.960) on layer: Metal9
Net VSS: dangling Wire at (17.660, 4.060) (17.660, 4.060) on layer: Metal8
Net VSS: dangling Wire at (15.385, 4.060) (15.385, 4.060) on layer: Metal8
Net VSS: dangling Wire at (13.110, 4.060) (13.110, 4.060) on layer: Metal8
Net VSS: dangling Wire at (10.835, 4.060) (10.835, 4.060) on layer: Metal8
Net VSS: dangling Wire at (8.560, 4.060) (8.560, 4.060) on layer: Metal8
Net VSS: dangling Wire at (4.060, 16.200) (4.060, 16.200) on layer: Metal9
Net VSS: dangling Wire at (4.060, 13.965) (4.060, 13.965) on layer: Metal9
Net VSS: dangling Wire at (4.060, 11.730) (4.060, 11.730) on layer: Metal9
Net VSS: dangling Wire at (4.060, 9.495) (4.060, 9.495) on layer: Metal9
Net VSS: dangling Wire at (4.060, 7.260) (4.060, 7.260) on layer: Metal9

Begin Summary
    12 Problem(s) (IMPVFC-94): The net has dangling wire(s).
    12 total info(s) created.
End Summary
